Decimal	Binary	Hex
118	1110110	76
118 = 64 + 32 + 16 + 4 + 2
    = 1000000 + 100000 + 10000 + 100 + 10
    = 1110110
0b 01110110 = 0b 0111 0110 = 0x76

Decimal	Binary		Hex
4	00000010	4
4 = 4
  = 10
0b 00000010 = 0b 0000 0010 = 0x4

Decimal	Binary	Hex
72	1001000	48
72 = 64 + 8
   = 1000000 + 1000
   = 1001000
0b 01001000 = 0b 0100 1000 = 0x48

Decimal	Binary	Hex
24	11000	18
24 = 16 + 8
   = 10000 + 1000
   = 11000
0b 00011000 = 0b 0001 1000 = 0x18

Decimal	Binary	Hex
45	101101	2D
45 = 32 + 8 + 4 + 1
   = 100000 + 1000 + 100 + 1
   = 101101
0b 00101101 = 0b 0010 1101 = 0x2D

exit
delet

eafklje;klajf
